<?xml version="1.0" encoding="UTF-8"?>
<!-- Generated by org.testng.reporters.JUnitXMLReporter -->
<testsuite ignored="0" hostname="LAPTOP-CPSNE1MN" failures="0" tests="6" name="Test" time="0.09" errors="0" timestamp="2021-11-23T11:48:12 IST">
  <testcase classname="qaclickacademy.AppiumTest" name="IOSApps" time="0.012"/>
  <testcase classname="qaclickacademy.AppiumTest" name="NativeAppAndroid" time="0.002"/>
  <testcase classname="qaclickacademy.RESTApiTest" name="deleteTwitter" time="0.002"/>
  <testcase classname="qaclickacademy.RESTApiTest" name="postJira" time="0.004"/>
  <testcase classname="qaclickacademy.SeleniumTest" name="BrowserAutomtion" time="0.002"/>
  <testcase classname="qaclickacademy.SeleniumTest" name="elementsUI" time="0.001"/>
</testsuite> <!-- Test -->
