<?xml version="1.0" encoding="UTF-8"?>
<!-- Generated by org.testng.reporters.JUnitXMLReporter -->
<testsuite hostname="LAPTOP-CPSNE1MN" ignored="0" name="Test" tests="6" failures="0" timestamp="07 Nov 2021 07:13:01 GMT" time="0.046" errors="0">
  <testcase name="IOSApps" time="0.008" classname="qaclickacademy.AppiumTest"/>
  <testcase name="NativeAppAndroid" time="0.001" classname="qaclickacademy.AppiumTest"/>
  <testcase name="deleteTwitter" time="0.0" classname="qaclickacademy.RESTApiTest"/>
  <testcase name="postJira" time="0.0" classname="qaclickacademy.RESTApiTest"/>
  <testcase name="BrowserAutomtion" time="0.0" classname="qaclickacademy.SeleniumTest"/>
  <testcase name="elementsUI" time="0.0" classname="qaclickacademy.SeleniumTest"/>
</testsuite> <!-- Test -->
