<?xml version="1.0" encoding="UTF-8"?>
<testng-results skipped="0" failed="0" ignored="0" total="6" passed="6">
  <reporter-output>
  </reporter-output>
  <suite name="Suite" duration-ms="46" started-at="2021-11-07T07:13:01Z" finished-at="2021-11-07T07:13:01Z">
    <groups>
    </groups>
    <test name="Test" duration-ms="46" started-at="2021-11-07T07:13:01Z" finished-at="2021-11-07T07:13:01Z">
      <class name="qaclickacademy.AppiumTest">
        <test-method status="PASS" signature="IOSApps()[pri:0, instance:qaclickacademy.AppiumTest@442675e1]" name="IOSApps" duration-ms="8" started-at="2021-11-07T07:13:01Z" finished-at="2021-11-07T07:13:01Z">
          <reporter-output>
          </reporter-output>
        </test-method> <!-- IOSApps -->
        <test-method status="PASS" signature="NativeAppAndroid()[pri:0, instance:qaclickacademy.AppiumTest@442675e1]" name="NativeAppAndroid" duration-ms="1" started-at="2021-11-07T07:13:01Z" finished-at="2021-11-07T07:13:01Z">
          <reporter-output>
          </reporter-output>
        </test-method> <!-- NativeAppAndroid -->
      </class> <!-- qaclickacademy.AppiumTest -->
      <class name="qaclickacademy.RESTApiTest">
        <test-method status="PASS" signature="deleteTwitter()[pri:0, instance:qaclickacademy.RESTApiTest@6166e06f]" name="deleteTwitter" duration-ms="0" started-at="2021-11-07T07:13:01Z" finished-at="2021-11-07T07:13:01Z">
          <reporter-output>
          </reporter-output>
        </test-method> <!-- deleteTwitter -->
        <test-method status="PASS" signature="postJira()[pri:0, instance:qaclickacademy.RESTApiTest@6166e06f]" name="postJira" duration-ms="0" started-at="2021-11-07T07:13:01Z" finished-at="2021-11-07T07:13:01Z">
          <reporter-output>
          </reporter-output>
        </test-method> <!-- postJira -->
      </class> <!-- qaclickacademy.RESTApiTest -->
      <class name="qaclickacademy.SeleniumTest">
        <test-method status="PASS" signature="BrowserAutomtion()[pri:0, instance:qaclickacademy.SeleniumTest@49e202ad]" name="BrowserAutomtion" duration-ms="0" started-at="2021-11-07T07:13:01Z" finished-at="2021-11-07T07:13:01Z">
          <reporter-output>
          </reporter-output>
        </test-method> <!-- BrowserAutomtion -->
        <test-method status="PASS" signature="elementsUI()[pri:0, instance:qaclickacademy.SeleniumTest@49e202ad]" name="elementsUI" duration-ms="0" started-at="2021-11-07T07:13:01Z" finished-at="2021-11-07T07:13:01Z">
          <reporter-output>
          </reporter-output>
        </test-method> <!-- elementsUI -->
      </class> <!-- qaclickacademy.SeleniumTest -->
    </test> <!-- Test -->
  </suite> <!-- Suite -->
</testng-results>
