<?xml version="1.0" encoding="UTF-8"?>
<testng-results ignored="0" total="6" passed="6" failed="0" skipped="0">
  <reporter-output>
  </reporter-output>
  <suite started-at="2021-11-23T11:48:11 IST" name="Suite" finished-at="2021-11-23T11:48:11 IST" duration-ms="90">
    <groups>
    </groups>
    <test started-at="2021-11-23T11:48:11 IST" name="Test" finished-at="2021-11-23T11:48:11 IST" duration-ms="90">
      <class name="qaclickacademy.AppiumTest">
        <test-method signature="IOSApps()[pri:0, instance:qaclickacademy.AppiumTest@662b4c69]" started-at="2021-11-23T11:48:11 IST" name="IOSApps" finished-at="2021-11-23T11:48:11 IST" duration-ms="12" status="PASS">
          <reporter-output>
          </reporter-output>
        </test-method> <!-- IOSApps -->
        <test-method signature="NativeAppAndroid()[pri:0, instance:qaclickacademy.AppiumTest@662b4c69]" started-at="2021-11-23T11:48:11 IST" name="NativeAppAndroid" finished-at="2021-11-23T11:48:11 IST" duration-ms="2" status="PASS">
          <reporter-output>
          </reporter-output>
        </test-method> <!-- NativeAppAndroid -->
      </class> <!-- qaclickacademy.AppiumTest -->
      <class name="qaclickacademy.RESTApiTest">
        <test-method signature="deleteTwitter()[pri:0, instance:qaclickacademy.RESTApiTest@169e6180]" started-at="2021-11-23T11:48:11 IST" name="deleteTwitter" finished-at="2021-11-23T11:48:11 IST" duration-ms="2" status="PASS">
          <reporter-output>
          </reporter-output>
        </test-method> <!-- deleteTwitter -->
        <test-method signature="postJira()[pri:0, instance:qaclickacademy.RESTApiTest@169e6180]" started-at="2021-11-23T11:48:11 IST" name="postJira" finished-at="2021-11-23T11:48:11 IST" duration-ms="4" status="PASS">
          <reporter-output>
          </reporter-output>
        </test-method> <!-- postJira -->
      </class> <!-- qaclickacademy.RESTApiTest -->
      <class name="qaclickacademy.SeleniumTest">
        <test-method signature="BrowserAutomtion()[pri:0, instance:qaclickacademy.SeleniumTest@35aea049]" started-at="2021-11-23T11:48:11 IST" name="BrowserAutomtion" finished-at="2021-11-23T11:48:11 IST" duration-ms="2" status="PASS">
          <reporter-output>
          </reporter-output>
        </test-method> <!-- BrowserAutomtion -->
        <test-method signature="elementsUI()[pri:0, instance:qaclickacademy.SeleniumTest@35aea049]" started-at="2021-11-23T11:48:11 IST" name="elementsUI" finished-at="2021-11-23T11:48:11 IST" duration-ms="1" status="PASS">
          <reporter-output>
          </reporter-output>
        </test-method> <!-- elementsUI -->
      </class> <!-- qaclickacademy.SeleniumTest -->
    </test> <!-- Test -->
  </suite> <!-- Suite -->
</testng-results>
